<?xml version="1.0" encoding="UTF-8"?>
<testsuite xmlns:xsi="http://www.w3.org/2001/XMLSchema-instance" xsi:noNamespaceSchemaLocation="https://maven.apache.org/surefire/maven-surefire-plugin/xsd/surefire-test-report-3.0.xsd" version="3.0" name="runner.TestRunner" time="1.611" tests="1" errors="0" skipped="0" failures="0">
  <properties>
[...]
</properties>
  <testcase name="runScenario[&quot;Valid login&quot;, &quot;Login functionality&quot;](1)" classname="runner.TestRunner" time="0.086">
    <system-out><![CDATA[
Scenario: Valid login                        # src/test/resources/features/login.feature:3
User is on login page
  Given user is on login page                # stepdefinition.LoginSteps.user_is_on_login_page()
User enters credentials
  When user enters username and password     # stepdefinition.LoginSteps.user_enters_credentials()
User logged in
  Then user should be logged in successfully # stepdefinition.LoginSteps.user_logged_in()
]]></system-out>
    <system-err><![CDATA[SLF4J: Failed to load class "org.slf4j.impl.StaticLoggerBinder".
SLF4J: Defaulting to no-operation (NOP) logger implementation
SLF4J: See http://www.slf4j.org/codes.html#StaticLoggerBinder for further details.
]]></system-err>
  </testcase>
</testsuite>