<?xml version="1.0" encoding="UTF-8"?>
<testng-results ignored="0" total="6" passed="6" failed="0" skipped="0">
  <reporter-output>
  </reporter-output>
  <suite started-at="2026-04-10T16:02:50 IST" name="Suite" finished-at="2026-04-10T16:03:06 IST" duration-ms="16161">
    <groups>
      <group name="cucumber">
        <method signature="AbstractTestNGCucumberTests.runScenario(io.cucumber.testng.PickleWrapper,io.cucumber.testng.FeatureWrapper)[pri:0, instance:runner.TestRunner3@7d20d0b]" name="runScenario" class="io.cucumber.testng.AbstractTestNGCucumberTests"/>
      </group> <!-- cucumber -->
    </groups>
    <test started-at="2026-04-10T16:02:50 IST" name="CucumberTest" finished-at="2026-04-10T16:03:06 IST" duration-ms="16161">
      <class name="runner.TestRunner3">
        <test-method is-config="true" signature="setUpClass(org.testng.ITestContext)[pri:0, instance:runner.TestRunner3@7d20d0b]" started-at="2026-04-10T16:02:50 IST" name="setUpClass" finished-at="2026-04-10T16:02:50 IST" duration-ms="509" status="PASS">
          <params>
            <param index="0">
              <value>
                <![CDATA[org.testng.TestRunner@266374ef]]>
              </value>
            </param>
          </params>
          <reporter-output>
          </reporter-output>
        </test-method> <!-- setUpClass -->
        <test-method signature="runScenario(io.cucumber.testng.PickleWrapper,io.cucumber.testng.FeatureWrapper)[pri:0, instance:runner.TestRunner3@7d20d0b]" started-at="2026-04-10T16:02:50 IST" name="runScenario" description="Runs Cucumber Scenarios" data-provider="scenarios" finished-at="2026-04-10T16:03:00 IST" duration-ms="9566" status="PASS">
          <params>
            <param index="0">
              <value>
                <![CDATA["Method1-direct"]]>
              </value>
            </param>
            <param index="1">
              <value>
                <![CDATA["Create account"]]>
              </value>
            </param>
          </params>
          <reporter-output>
          </reporter-output>
        </test-method> <!-- runScenario -->
        <test-method signature="runScenario(io.cucumber.testng.PickleWrapper,io.cucumber.testng.FeatureWrapper)[pri:0, instance:runner.TestRunner3@7d20d0b]" started-at="2026-04-10T16:02:50 IST" name="runScenario" description="Runs Cucumber Scenarios" data-provider="scenarios" finished-at="2026-04-10T16:03:00 IST" duration-ms="9529" status="PASS">
          <params>
            <param index="0">
              <value>
                <![CDATA[": Method2-Scenario Outline"]]>
              </value>
            </param>
            <param index="1">
              <value>
                <![CDATA["Create account"]]>
              </value>
            </param>
          </params>
          <reporter-output>
          </reporter-output>
        </test-method> <!-- runScenario -->
        <test-method signature="runScenario(io.cucumber.testng.PickleWrapper,io.cucumber.testng.FeatureWrapper)[pri:0, instance:runner.TestRunner3@7d20d0b]" started-at="2026-04-10T16:03:00 IST" name="runScenario" description="Runs Cucumber Scenarios" data-provider="scenarios" finished-at="2026-04-10T16:03:03 IST" duration-ms="2726" status="PASS">
          <params>
            <param index="0">
              <value>
                <![CDATA[": Method2-Scenario Outline"]]>
              </value>
            </param>
            <param index="1">
              <value>
                <![CDATA["Create account"]]>
              </value>
            </param>
          </params>
          <reporter-output>
          </reporter-output>
        </test-method> <!-- runScenario -->
        <test-method signature="runScenario(io.cucumber.testng.PickleWrapper,io.cucumber.testng.FeatureWrapper)[pri:0, instance:runner.TestRunner3@7d20d0b]" started-at="2026-04-10T16:03:00 IST" name="runScenario" description="Runs Cucumber Scenarios" data-provider="scenarios" finished-at="2026-04-10T16:03:03 IST" duration-ms="3166" status="PASS">
          <params>
            <param index="0">
              <value>
                <![CDATA[": Method 3.1-List of maps"]]>
              </value>
            </param>
            <param index="1">
              <value>
                <![CDATA["Create account"]]>
              </value>
            </param>
          </params>
          <reporter-output>
          </reporter-output>
        </test-method> <!-- runScenario -->
        <test-method signature="runScenario(io.cucumber.testng.PickleWrapper,io.cucumber.testng.FeatureWrapper)[pri:0, instance:runner.TestRunner3@7d20d0b]" started-at="2026-04-10T16:03:03 IST" name="runScenario" description="Runs Cucumber Scenarios" data-provider="scenarios" finished-at="2026-04-10T16:03:05 IST" duration-ms="2538" status="PASS">
          <params>
            <param index="0">
              <value>
                <![CDATA[": Method 3.2-List of list"]]>
              </value>
            </param>
            <param index="1">
              <value>
                <![CDATA["Create account"]]>
              </value>
            </param>
          </params>
          <reporter-output>
          </reporter-output>
        </test-method> <!-- runScenario -->
        <test-method signature="runScenario(io.cucumber.testng.PickleWrapper,io.cucumber.testng.FeatureWrapper)[pri:0, instance:runner.TestRunner3@7d20d0b]" started-at="2026-04-10T16:03:03 IST" name="runScenario" description="Runs Cucumber Scenarios" data-provider="scenarios" finished-at="2026-04-10T16:03:05 IST" duration-ms="1680" status="PASS">
          <params>
            <param index="0">
              <value>
                <![CDATA[": Method 4.1- config property1"]]>
              </value>
            </param>
            <param index="1">
              <value>
                <![CDATA["Create account"]]>
              </value>
            </param>
          </params>
          <reporter-output>
          </reporter-output>
        </test-method> <!-- runScenario -->
        <test-method is-config="true" signature="tearDownClass()[pri:0, instance:runner.TestRunner3@7d20d0b]" started-at="2026-04-10T16:03:05 IST" name="tearDownClass" finished-at="2026-04-10T16:03:06 IST" duration-ms="728" status="PASS">
          <reporter-output>
          </reporter-output>
        </test-method> <!-- tearDownClass -->
        <test-method is-config="true" signature="generatePdfReport()[pri:0, instance:runner.TestRunner3@7d20d0b]" started-at="2026-04-10T16:03:06 IST" name="generatePdfReport" finished-at="2026-04-10T16:03:07 IST" duration-ms="798" status="PASS">
          <reporter-output>
          </reporter-output>
        </test-method> <!-- generatePdfReport -->
      </class> <!-- runner.TestRunner3 -->
    </test> <!-- CucumberTest -->
  </suite> <!-- Suite -->
</testng-results>
