<?xml version="1.0" encoding="UTF-8"?>
<!-- Generated by org.testng.reporters.JUnitReportReporter -->
<testsuite hostname="DESKTOP-KU063NL" failures="0" tests="6" name="runner.TestRunner3" time="29.205" errors="0" timestamp="2026-04-10T16:03:07 IST" skipped="0">
  <testcase classname="runner.TestRunner3" name="runScenario" time="9.566"/>
  <testcase classname="runner.TestRunner3" name="runScenario" time="2.726"/>
  <testcase classname="runner.TestRunner3" name="runScenario" time="1.680"/>
  <testcase classname="runner.TestRunner3" name="runScenario" time="9.529"/>
  <testcase classname="runner.TestRunner3" name="runScenario" time="3.166"/>
  <testcase classname="runner.TestRunner3" name="runScenario" time="2.538"/>
</testsuite> <!-- runner.TestRunner3 -->
