<?xml version="1.0" encoding="UTF-8"?>
<!-- Generated by org.testng.reporters.JUnitReportReporter -->
<testsuite hostname="DESKTOP-KU063NL" failures="0" tests="1" name="runner.TestRunner1" time="7.716" errors="1" timestamp="2026-03-19T09:15:43 IST" skipped="0">
  <testcase classname="runner.TestRunner1" name="runScenario" time="7.716">
    <error message="Cannot invoke &quot;com.aventstack.extentreports.ExtentTest.pass(String)&quot; because the return value of &quot;java.lang.ThreadLocal.get()&quot; is null" type="java.lang.NullPointerException">
      <![CDATA[java.lang.NullPointerException: Cannot invoke "com.aventstack.extentreports.ExtentTest.pass(String)" because the return value of "java.lang.ThreadLocal.get()" is null
at hooks.HooksReports2.tearDown(HooksReports2.java:56)
]]>
    </error>
  </testcase> <!-- runScenario -->
</testsuite> <!-- runner.TestRunner1 -->
